<?xml version="1.0" encoding="UTF-8"?>
<!-- Generated by org.testng.reporters.JUnitReportReporter -->
<testsuite skipped="0" hostname="NJCDTL03TM0338" name="com.testautomation.APIAutomation.test.WeatherAPITest" tests="5" failures="0" timestamp="10 Mar 2020 22:13:53 GMT" time="2.728" errors="0">
  <testcase name="GetTempInCelsiusUnitTest" time="1.569" classname="com.testautomation.APIAutomation.test.WeatherAPITest"/>
  <testcase name="GetWeatherInDiffLangTest" time="0.103" classname="com.testautomation.APIAutomation.test.WeatherAPITest"/>
  <testcase name="GetWeatherInJSONFormatTest" time="0.105" classname="com.testautomation.APIAutomation.test.WeatherAPITest"/>
  <testcase name="GetTempInFahrenheitUnitTest" time="0.650" classname="com.testautomation.APIAutomation.test.WeatherAPITest"/>
  <testcase name="GetWeatherInXMLFormatTest" time="0.301" classname="com.testautomation.APIAutomation.test.WeatherAPITest"/>
</testsuite> <!-- com.testautomation.APIAutomation.test.WeatherAPITest -->
